2021-05-04 18:50:38,082 - octoprint.startup - INFO - ******************************************************************************
2021-05-04 18:50:38,084 - octoprint.startup - INFO - Starting OctoPrint 1.6.0
2021-05-04 18:50:38,085 - octoprint.startup - INFO - ******************************************************************************
2021-05-04 18:50:38,798 - octoprint.util.connectivity.connectivity_checker - INFO - Connectivity changed from offline to online
2021-05-04 18:50:38,855 - octoprint.util.connectivity.connectivity_checker - INFO - Connectivity state is currently: online
2021-05-04 18:50:38,856 - octoprint.util.connectivity.connectivity_checker - INFO - Connecting to 1.1.1.1:53 is working
2021-05-04 18:50:38,856 - octoprint.util.connectivity.connectivity_checker - INFO - Resolving octoprint.org is working
2021-05-04 18:50:39,083 - octoprint.startup - INFO - Blacklist processing done, adding 12 blacklisted plugin versions: roomtemp (any), GcodeEditor (0.1.1), GcodeEditor (0.2.0), GcodeEditor (0.2.1), GcodeEditor (0.2.2), GcodeEditor (0.2.3), GcodeEditor (0.2.4), GcodeEditor (0.2.5), GcodeEditor (0.2.6), GcodeEditor (0.2.8), gcodeleveling (0.1.0), gcodeleveling (0.1.1)
2021-05-04 18:50:39,170 - octoprint.plugin.core - INFO - Loading plugins from /home/pi/oprint/lib/python3.7/site-packages/octoprint/plugins, /home/pi/.octoprint/plugins and installed plugin packages...
2021-05-04 18:50:41,933 - octoprint.plugin.core - INFO - Plugin OctoEverywhere! (0.8.4) is disabled.
2021-05-04 18:50:42,169 - octoprint.startup - INFO - Added settings overlay from plugin dashboard
2021-05-04 18:50:42,185 - octoprint.plugin.core - INFO - Found 24 plugin(s) providing 23 mixin implementations, 60 hook handlers
2021-05-04 18:50:42,438 - octoprint.server.heartbeat - INFO - Starting server heartbeat, 900.0s interval
2021-05-04 18:50:42,474 - octoprint.server - INFO - Intermediary server started
2021-05-04 18:50:42,509 - octoprint.filemanager.storage - INFO - Initializing the file metadata for /home/pi/.octoprint/uploads...
2021-05-04 18:50:42,917 - octoprint.filemanager.storage - INFO - ... file metadata for /home/pi/.octoprint/uploads initialized successfully.
2021-05-04 18:50:42,922 - octoprint.server - INFO - Added new permission from plugin action_command_notification: PLUGIN_ACTION_COMMAND_NOTIFICATION_SHOW (needs: "Need(method='role', value='plugin_action_command_notification_show')")
2021-05-04 18:50:42,923 - octoprint.server - INFO - Added new permission from plugin action_command_notification: PLUGIN_ACTION_COMMAND_NOTIFICATION_CLEAR (needs: "Need(method='role', value='plugin_action_command_notification_clear')")
2021-05-04 18:50:42,924 - octoprint.server - INFO - Added new permission from plugin action_command_prompt: PLUGIN_ACTION_COMMAND_PROMPT_INTERACT (needs: "Need(method='role', value='plugin_action_command_prompt_interact')")
2021-05-04 18:50:42,926 - octoprint.server - INFO - Added new permission from plugin announcements: PLUGIN_ANNOUNCEMENTS_READ (needs: "Need(method='role', value='plugin_announcements_read')")
2021-05-04 18:50:42,927 - octoprint.server - INFO - Added new permission from plugin announcements: PLUGIN_ANNOUNCEMENTS_MANAGE (needs: "Need(method='role', value='plugin_announcements_read'), Need(method='role', value='plugin_announcements_manage')")
2021-05-04 18:50:42,928 - octoprint.server - INFO - Added new permission from plugin appkeys: PLUGIN_APPKEYS_ADMIN (needs: "Need(method='role', value='plugin_appkeys_admin')")
2021-05-04 18:50:42,930 - octoprint.server - INFO - Added new permission from plugin backup: PLUGIN_BACKUP_ACCESS (needs: "Need(method='role', value='plugin_backup_access')")
2021-05-04 18:50:42,931 - octoprint.server - INFO - Added new permission from plugin dashboard: PLUGIN_DASHBOARD_ADMIN (needs: "Need(method='role', value='plugin_dashboard_admin')")
2021-05-04 18:50:42,932 - octoprint.server - INFO - Added new permission from plugin firmware_check: PLUGIN_FIRMWARE_CHECK_DISPLAY (needs: "Need(method='role', value='plugin_firmware_check_display')")
2021-05-04 18:50:42,933 - octoprint.server - INFO - Added new permission from plugin logging: PLUGIN_LOGGING_MANAGE (needs: "Need(method='role', value='plugin_logging_manage')")
2021-05-04 18:50:42,934 - octoprint.server - INFO - Added new permission from plugin pi_support: PLUGIN_PI_SUPPORT_STATUS (needs: "Need(method='role', value='plugin_pi_support_check')")
2021-05-04 18:50:42,936 - octoprint.server - INFO - Added new permission from plugin pluginmanager: PLUGIN_PLUGINMANAGER_MANAGE (needs: "Need(method='role', value='plugin_pluginmanager_manage')")
2021-05-04 18:50:42,937 - octoprint.server - INFO - Added new permission from plugin pluginmanager: PLUGIN_PLUGINMANAGER_INSTALL (needs: "Need(method='role', value='plugin_pluginmanager_install'), Need(method='role', value='plugin_pluginmanager_manage')")
2021-05-04 18:50:42,938 - octoprint.server - INFO - Added new permission from plugin softwareupdate: PLUGIN_SOFTWAREUPDATE_CHECK (needs: "Need(method='role', value='plugin_softwareupdate_check')")
2021-05-04 18:50:42,940 - octoprint.server - INFO - Added new permission from plugin softwareupdate: PLUGIN_SOFTWAREUPDATE_UPDATE (needs: "Need(method='role', value='plugin_softwareupdate_update')")
2021-05-04 18:50:42,941 - octoprint.server - INFO - Added new permission from plugin softwareupdate: PLUGIN_SOFTWAREUPDATE_CONFIGURE (needs: "Need(method='role', value='plugin_softwareupdate_configure')")
2021-05-04 18:50:42,960 - octoprint.printer.standard - INFO - Using print time estimator provided by PrintTimeGenius
2021-05-04 18:50:44,073 - octoprint.util.pip - INFO - Using "/home/pi/oprint/bin/python3 -m pip" as command to invoke pip
2021-05-04 18:50:44,967 - octoprint.util.pip - INFO - Version of pip is 20.3.3
2021-05-04 18:50:44,969 - octoprint.util.pip - INFO - pip installs to /home/pi/oprint/lib/python3.7/site-packages (writable -> yes), --user flag needed -> no, virtual env -> yes
2021-05-04 18:50:44,970 - octoprint.util.pip - INFO - ==> pip ok -> yes
2021-05-04 18:50:45,139 - octoprint.plugins.softwareupdate - INFO - Loaded version cache from disk
2021-05-04 18:50:45,404 - octoprint.plugin.core - INFO - Initialized 23 plugin implementation(s)
2021-05-04 18:50:45,425 - octoprint.plugin.core - INFO - 24 plugin(s) registered with the system:
|  Action Command Notification Support (bundled) = /home/pi/oprint/lib/python3.7/site-packages/octoprint/plugins/action_command_notification
|  Action Command Prompt Support (bundled) = /home/pi/oprint/lib/python3.7/site-packages/octoprint/plugins/action_command_prompt
|  Announcement Plugin (bundled) = /home/pi/oprint/lib/python3.7/site-packages/octoprint/plugins/announcements
|  Anonymous Usage Tracking (bundled) = /home/pi/oprint/lib/python3.7/site-packages/octoprint/plugins/tracking
|  Application Keys Plugin (bundled) = /home/pi/oprint/lib/python3.7/site-packages/octoprint/plugins/appkeys
|  Backup & Restore (bundled) = /home/pi/oprint/lib/python3.7/site-packages/octoprint/plugins/backup
|  Core Wizard (bundled) = /home/pi/oprint/lib/python3.7/site-packages/octoprint/plugins/corewizard
|  Dashboard (1.18.2) = /home/pi/oprint/lib/python3.7/site-packages/octoprint_dashboard
|  Discovery (bundled) = /home/pi/oprint/lib/python3.7/site-packages/octoprint/plugins/discovery
|  DisplayLayerProgress Plugin (1.26.0) = /home/pi/oprint/lib/python3.7/site-packages/octoprint_DisplayLayerProgress
|  Error Tracking (bundled) = /home/pi/oprint/lib/python3.7/site-packages/octoprint/plugins/errortracking
|  File Check (2021.2.23) (bundled) = /home/pi/oprint/lib/python3.7/site-packages/octoprint_file_check
|  Firmware Check (2021.2.4) (bundled) = /home/pi/oprint/lib/python3.7/site-packages/octoprint_firmware_check
|  GCode Viewer (bundled) = /home/pi/oprint/lib/python3.7/site-packages/octoprint/plugins/gcodeviewer
|  Logging (bundled) = /home/pi/oprint/lib/python3.7/site-packages/octoprint/plugins/logging
| !OctoEverywhere! (0.8.4) = /home/pi/oprint/lib/python3.7/site-packages/octoprint_octoeverywhere
|  Octolapse (0.4.1) = /home/pi/oprint/lib/python3.7/site-packages/octoprint_octolapse
|  OctoRelay (1.1.0) = /home/pi/oprint/lib/python3.7/site-packages/octoprint_octorelay
|  Pi Support Plugin (2021.3.26.post2) (bundled) = /home/pi/oprint/lib/python3.7/site-packages/octoprint_pi_support
|  Plugin Manager (bundled) = /home/pi/oprint/lib/python3.7/site-packages/octoprint/plugins/pluginmanager
|  PrintTimeGenius Plugin (2.2.7) = /home/pi/oprint/lib/python3.7/site-packages/octoprint_PrintTimeGenius
|  Software Update (bundled) = /home/pi/oprint/lib/python3.7/site-packages/octoprint/plugins/softwareupdate
|  Telegram Notifications (1.6.5) = /home/pi/oprint/lib/python3.7/site-packages/octoprint_telegram
|  Virtual Printer (bundled) = /home/pi/oprint/lib/python3.7/site-packages/octoprint/plugins/virtual_printer
Prefix legend: ! = disabled, # = blacklisted, * = incompatible
2021-05-04 18:50:45,460 - octoprint.plugins.pi_support - WARNING - This Raspberry Pi is reporting problems that might lead to bad performance or errors caused by overheating or insufficient power.
!!! UNDERVOLTAGE REPORTED !!! Make sure that the power supply and power cable are capable of supplying enough voltage and current to your Pi.
2021-05-04 18:50:45,470 - octoprint.environment - INFO - Detected environment is Python 3.7.3 under Linux (linux). Details:
|  hardware:
|    cores: 4
|    freq: 1400.0
|    ram: 915058688
|  os:
|    bits: 32
|    id: linux
|    platform: linux
|  plugins:
|    pi_support:
|      model: Raspberry Pi 3 Model B Plus Rev 1.3
|      octopi_version: 0.18.0
|      throttle_state: '0x50000'
|  python:
|    pip: 20.3.3
|    version: 3.7.3
|    virtualenv: /home/pi/oprint
2021-05-04 18:50:45,490 - octoprint.server - INFO - Reset webasset folder /home/pi/.octoprint/generated/webassets...
2021-05-04 18:50:45,516 - octoprint.server - INFO - Reset webasset folder /home/pi/.octoprint/generated/.webassets-cache...
2021-05-04 18:50:46,853 - octoprint.server - INFO - Shutting down intermediary server...
2021-05-04 18:50:47,322 - octoprint.server - INFO - Intermediary server shut down
2021-05-04 18:50:47,325 - octoprint.events - INFO - Processing startup event, this is our first event
2021-05-04 18:50:47,325 - octoprint.events - INFO - Adding 2 events to queue that were held back before startup event
2021-05-04 18:50:47,329 - octoprint.filemanager - INFO - Adding backlog items from all storage types to analysis queue...
2021-05-04 18:50:47,334 - octoprint.server - INFO - Autoconnect on startup is configured, trying to connect to the printer...
2021-05-04 18:50:47,339 - octoprint.plugins.softwareupdate - INFO - Fetching check overlays from https://plugins.octoprint.org/update_check_overlay.json
2021-05-04 18:50:47,345 - octoprint.filemanager - INFO - Added 0 items from storage type "local" to analysis queue
2021-05-04 18:50:47,415 - octoprint.plugins.pluginmanager - INFO - Loaded plugin repository data from disk, was still valid
2021-05-04 18:50:48,283 - octoprint.server - INFO - Trying to connect to configured serial port None
2021-05-04 18:50:48,502 - octoprint.util.comm - INFO - Changing monitoring state from "Offline" to "Detecting serial connection"
2021-05-04 18:50:48,570 - octoprint.server.util.watchdog - INFO - Running initial scan on watched folder...
2021-05-04 18:50:48,609 - octoprint.server.util.watchdog - INFO - ... initial scan done.
2021-05-04 18:50:49,269 - octoprint.util.comm - INFO - Serial detection: Performing autodetection with 4 port/baudrate candidates: /dev/ttyACM0@115200, /dev/ttyACM0@250000, /dev/ttyS0@115200, /dev/ttyS0@250000
2021-05-04 18:50:49,269 - octoprint.util.comm - INFO - Serial detection: Trying port /dev/ttyACM0, baudrate 115200
2021-05-04 18:50:49,270 - octoprint.util.comm - INFO - Connecting to port /dev/ttyACM0, baudrate 115200
2021-05-04 18:50:49,370 - octoprint.util.comm - INFO - Serial detection: Handshake attempt #1 with timeout 2.0s
2021-05-04 18:50:49,399 - octoprint.util.comm - INFO - M110 detected, setting current line number to 0
2021-05-04 18:50:49,563 - octoprint.plugins.pluginmanager - INFO - Loaded notice data from disk, was still valid
2021-05-04 18:50:50,389 - octoprint.util.comm - INFO - Changing monitoring state from "Detecting serial connection" to "Operational"
2021-05-04 18:50:50,443 - octoprint.util.comm - INFO - M110 detected, setting current line number to 0
2021-05-04 18:50:50,692 - octoprint.plugins.tracking - INFO - Sent tracking event system_unthrottled, payload: {'throttled_now': False, 'throttled_past': True, 'throttled_mask': 327680, 'throttled_voltage_now': False, 'throttled_voltage_past': True, 'throttled_overheat_now': False, 'throttled_overheat_past': False}
2021-05-04 18:50:50,899 - octoprint.plugins.discovery - INFO - Registered 'OctoPrint instance on octopi._http._tcp.local.' for _http._tcp.local.
2021-05-04 18:50:51,724 - octoprint.plugins.discovery - INFO - Registered 'OctoPrint instance on octopi._octoprint._tcp.local.' for _octoprint._tcp.local.
2021-05-04 18:50:51,733 - octoprint.plugins.discovery - INFO - Registered OctoPrint instance on octopi for SSDP
2021-05-04 18:50:51,796 - octoprint.plugins.telegram - ERROR - Exception on_startup: 'NoneType' object has no attribute 'port'
2021-05-04 18:50:51,799 - octoprint.server - INFO - Listening on http://127.0.0.1:5000
2021-05-04 18:50:51,938 - octoprint.plugins.pluginmanager - INFO - Loaded plugin repository data from disk, was still valid
2021-05-04 18:50:52,936 - octoprint.util.pip - INFO - Using "/home/pi/oprint/bin/python3 -m pip" as command to invoke pip
2021-05-04 18:50:52,943 - octoprint.util.pip - INFO - pip installs to /home/pi/oprint/lib/python3.7/site-packages (writable -> yes), --user flag needed -> no, virtual env -> yes
2021-05-04 18:50:52,964 - octoprint.util.pip - INFO - ==> pip ok -> yes
2021-05-04 18:50:52,970 - octoprint.plugins.softwareupdate - INFO - Minimum free storage across all update relevant locations is 24.9GB. That is considered sufficient for updating.
2021-05-04 18:50:53,157 - octoprint.plugins.dashboard - INFO - Dashboard started
2021-05-04 18:50:53,175 - octoprint.plugins.octorelay - INFO - --------------------------------------------
2021-05-04 18:50:53,181 - octoprint.plugins.octorelay - INFO - start OctoRelay
2021-05-04 18:50:53,202 - octoprint.plugins.octorelay - INFO - OctoRelay plugin started
2021-05-04 18:50:53,209 - octoprint.plugins.octorelay - INFO - --------------------------------------------
2021-05-04 18:50:53,954 - octoprint.plugins.pluginmanager - INFO - Loaded notice data from disk, was still valid
2021-05-04 18:50:54,598 - octoprint.server.util.flask - INFO - Passively logging in user LuckyJaS from ::ffff:10.0.1.12
2021-05-04 18:50:54,599 - octoprint.access.users - INFO - Logged in user: LuckyJaS
2021-05-04 18:50:56,495 - octoprint.plugins.tracking - INFO - Sent tracking event ping, payload: {'octoprint_uptime': 12, 'printer_state': 'OPERATIONAL'}
2021-05-04 18:50:57,457 - octoprint.util.comm - INFO - Printer reports firmware name "Prusa-Firmware 3.9.3 based on Marlin"
2021-05-04 18:50:57,457 - octoprint.util.comm - INFO - Detected Prusa firmware, enabling relevant features for issue free communication
2021-05-04 18:50:59,794 - octoprint.plugins.tracking - INFO - Sent tracking event pong, payload: {'version': '1.6.0', 'os': 'linux', 'bits': 32, 'python': '3.7.3', 'pip': '20.3.3', 'cores': 4, 'freq': 1400.0, 'ram': 915058688, 'pi_model': 'Raspberry Pi 3 Model B Plus Rev 1.3', 'octopi_version': '0.18.0', 'plugins': 'octorelay:1.1.0,telegram:1.6.5,printtimegenius:2.2.7,dashboard:1.18.2,octolapse:0.4.1,displaylayerprogress:1.26.0'}
2021-05-04 18:51:03,105 - octoprint.plugins.tracking - INFO - Sent tracking event startup, payload: {'version': '1.6.0', 'os': 'linux', 'bits': 32, 'python': '3.7.3', 'pip': '20.3.3', 'cores': 4, 'freq': 1400.0, 'ram': 915058688, 'pi_model': 'Raspberry Pi 3 Model B Plus Rev 1.3', 'octopi_version': '0.18.0'}
2021-05-04 18:51:06,460 - octoprint.plugins.tracking - INFO - Sent tracking event printer_connected, payload: {'firmware_name': 'Prusa-Firmware 3.9.3 based on Marlin', 'printer_port': None, 'printer_baudrate': 0}
2021-05-04 18:51:06,819 - octoprint.server.views - INFO - Found path / in cache (key: ui:_default:http://10.0.1.104/:cs), signaling as cached
2021-05-04 18:51:06,854 - octoprint.server.views - INFO - Found path / in cache (key: ui:_default:http://10.0.1.104/:cs), signaling as cached
2021-05-04 18:51:06,886 - octoprint.server.views - INFO - Found path / in cache (key: ui:_default:http://10.0.1.104/:cs), signaling as cached
2021-05-04 18:51:07,323 - octoprint.server.util.sockjs - INFO - New connection from client: ::ffff:10.0.1.12
2021-05-04 18:51:07,800 - octoprint.server.util.flask - INFO - Passively logging in user LuckyJaS from ::ffff:10.0.1.12
2021-05-04 18:51:07,800 - octoprint.access.users - INFO - Logged in user: LuckyJaS
2021-05-04 18:51:11,005 - octoprint.server.util.sockjs - INFO - User LuckyJaS logged in on the socket from client ::ffff:10.0.1.12
